Tue May  6 01:11:20 PM IST 2025: Good Afternoon, Sargun
Tue May  6 01:12:53 PM IST 2025: Good Afternoon, 
Tue May  6 01:13:03 PM IST 2025: Good Afternoon, 
Tue May  6 01:16:45 PM IST 2025: Good Afternoon, sargun
Tue May  6 01:21:25 PM IST 2025: Good Afternoon, 
2025-05-06 13:23:57 - Good Afternoon, !
2025-05-06 13:23:57 - Good Afternoon, !
2025-05-06 13:24:02 - Good Afternoon, !
2025-05-06 13:24:03 - Good Afternoon, !
2025-05-06 13:24:03 - Good Afternoon, !
2025-05-06 13:24:03 - Good Afternoon, !
2025-05-06 13:24:04 - Good Afternoon, !
2025-05-06 13:24:04 - Good Afternoon, !
2025-05-06 13:24:04 - Good Afternoon, !
2025-05-06 13:24:04 - Good Afternoon, !
2025-05-06 13:24:04 - Good Afternoon, !
2025-05-06 13:24:04 - Good Afternoon, !
2025-05-06 13:24:05 - Good Afternoon, !
2025-05-06 13:24:05 - Good Afternoon, !
2025-05-06 13:24:05 - Good Afternoon, !
2025-05-06 13:24:05 - Good Afternoon, !
2025-05-06 13:27:45 - Good Afternoon, !
2025-05-06 13:27:50 - Good Afternoon, !
Tue May  6 01:33:17 PM IST 2025: Good Afternoon, sargun!
Tue May  6 01:33:46 PM IST 2025: Good Afternoon, kavya!
Tue May  6 01:45:24 PM IST 2025: Good Afternoon, Kavya!
Tue May  6 01:49:39 PM IST 2025: Good Afternoon, !
Wed May  7 09:41:58 AM IST 2025: Good Evening, Sargun!
Wed May  7 09:42:08 AM IST 2025: Good Evening, Prabhgun!
Wed May  7 09:44:43 AM IST 2025: Good Evening, sargun!
Wed May  7 09:45:26 AM IST 2025: Good Evening, sargun!
Wed May  7 09:55:25 AM IST 2025: Good Morning, sargun!
Wed May  7 10:20:25 AM IST 2025: Good Morning, kavya!
Wed May  7 10:48:42 AM IST 2025: Good Morning, !
